#
# There is insufficient memory for the Java Runtime Environment to continue.
# Native memory allocation (malloc) failed to allocate 1408816 bytes for Chunk::new
# Possible reasons:
#   The system is out of physical RAM or swap space
#   The process is running with CompressedOops enabled, and the Java Heap may be blocking the growth of the native heap
# Possible solutions:
#   Reduce memory load on the system
#   Increase physical memory or swap space
#   Check if swap backing store is full
#   Decrease Java heap size (-Xmx/-Xms)
#   Decrease number of Java threads
#   Decrease Java thread stack sizes (-Xss)
#   Set larger code cache with -XX:ReservedCodeCacheSize=
#   JVM is running with Unscaled Compressed Oops mode in which the Java heap is
#     placed in the first 4GB address space. The Java Heap base address is the
#     maximum limit for the native heap growth. Please use -XX:HeapBaseMinAddress
#     to set the Java Heap base and to place the Java Heap above 4GB virtual address.
# This output file may be truncated or incomplete.
#
#  Out of Memory Error (arena.cpp:166), pid=12444, tid=664
#
# JRE version: OpenJDK Runtime Environment (21.0+35) (build 21+35-2513)
# Java VM: OpenJDK 64-Bit Server VM (21+35-2513, mixed mode, sharing, tiered, compressed oops, compressed class ptrs, g1 gc, windows-amd64)
# No core dump will be written. Minidumps are not enabled by default on client versions of Windows
#

---------------  S U M M A R Y ------------

Command Line: -javaagent:C:\Program Files\JetBrains\IntelliJ IDEA Community Edition 2025.1.1.1\lib\idea_rt.jar=58012 -Dfile.encoding=UTF-8 -Dsun.stdout.encoding=UTF-8 -Dsun.stderr.encoding=UTF-8 com.example.org.GymSpringBootApplication

Host: 12th Gen Intel(R) Core(TM) i5-1235U, 12 cores, 7G,  Windows 10 , 64 bit Build 19041 (10.0.19041.5915)
Time: Sun Sep 21 05:05:38 2025 Georgian Standard Time elapsed time: 1.443729 seconds (0d 0h 0m 1s)

---------------  T H R E A D  ---------------

Current thread (0x000001d969ad1a80):  JavaThread "C2 CompilerThread0" daemon [_thread_in_native, id=664, stack(0x000000c7a0500000,0x000000c7a0600000) (1024K)]


Current CompileTask:
C2:   1443 1957       4       java.lang.invoke.MethodType::makeImpl (109 bytes)

Stack: [0x000000c7a0500000,0x000000c7a0600000]
Native frames: (J=compiled Java code, j=interpreted, Vv=VM code, C=native code)
V  [jvm.dll+0x6c8d39]
V  [jvm.dll+0x854091]
V  [jvm.dll+0x85630e]
V  [jvm.dll+0x8569e3]
V  [jvm.dll+0x2809a6]
V  [jvm.dll+0xc3e6d]
V  [jvm.dll+0xc4383]
V  [jvm.dll+0x3b54e2]
V  [jvm.dll+0x382245]
V  [jvm.dll+0x3816ba]
V  [jvm.dll+0x249800]
V  [jvm.dll+0x248de1]
V  [jvm.dll+0x1c9b91]
V  [jvm.dll+0x2583e9]
V  [jvm.dll+0x2569ca]
V  [jvm.dll+0x3eef66]
V  [jvm.dll+0x7fd2c8]
V  [jvm.dll+0x6c748d]
C  [ucrtbase.dll+0x21bb2]
C  [KERNEL32.DLL+0x17374]
C  [ntdll.dll+0x4cc91]


---------------  P R O C E S S  ---------------

Threads class SMR info:
_java_thread_list=0x000001d96f0a5b20, length=15, elements={
0x000001d94cdfc350, 0x000001d969aca230, 0x000001d969acb150, 0x000001d969accdc0,
0x000001d969acf830, 0x000001d969ad0290, 0x000001d969ad0cf0, 0x000001d969ad1a80,
0x000001d969ad4530, 0x000001d969a8fd10, 0x000001d96e116710, 0x000001d96e1be0a0,
0x000001d96e54af50, 0x000001d96e54b5c0, 0x000001d96f1b2820
}

Java Threads: ( => current thread )
  0x000001d94cdfc350 JavaThread "main"                              [_thread_in_vm, id=12824, stack(0x000000c79f700000,0x000000c79f800000) (1024K)]
  0x000001d969aca230 JavaThread "Reference Handler"          daemon [_thread_blocked, id=4880, stack(0x000000c79ff00000,0x000000c7a0000000) (1024K)]
  0x000001d969acb150 JavaThread "Finalizer"                  daemon [_thread_blocked, id=7720, stack(0x000000c7a0000000,0x000000c7a0100000) (1024K)]
  0x000001d969accdc0 JavaThread "Signal Dispatcher"          daemon [_thread_blocked, id=11940, stack(0x000000c7a0100000,0x000000c7a0200000) (1024K)]
  0x000001d969acf830 JavaThread "Attach Listener"            daemon [_thread_blocked, id=2436, stack(0x000000c7a0200000,0x000000c7a0300000) (1024K)]
  0x000001d969ad0290 JavaThread "Service Thread"             daemon [_thread_blocked, id=5652, stack(0x000000c7a0300000,0x000000c7a0400000) (1024K)]
  0x000001d969ad0cf0 JavaThread "Monitor Deflation Thread"   daemon [_thread_blocked, id=5216, stack(0x000000c7a0400000,0x000000c7a0500000) (1024K)]
=>0x000001d969ad1a80 JavaThread "C2 CompilerThread0"         daemon [_thread_in_native, id=664, stack(0x000000c7a0500000,0x000000c7a0600000) (1024K)]
  0x000001d969ad4530 JavaThread "C1 CompilerThread0"         daemon [_thread_in_native, id=8216, stack(0x000000c7a0600000,0x000000c7a0700000) (1024K)]
  0x000001d969a8fd10 JavaThread "Common-Cleaner"             daemon [_thread_blocked, id=12500, stack(0x000000c7a0700000,0x000000c7a0800000) (1024K)]
  0x000001d96e116710 JavaThread "C2 CompilerThread1"         daemon [_thread_in_native, id=7484, stack(0x000000c7a0800000,0x000000c7a0900000) (1024K)]
  0x000001d96e1be0a0 JavaThread "C2 CompilerThread2"         daemon [_thread_in_vm, id=4172, stack(0x000000c7a0900000,0x000000c7a0a00000) (1024K)]
  0x000001d96e54af50 JavaThread "Monitor Ctrl-Break"         daemon [_thread_in_native, id=3292, stack(0x000000c7a0a00000,0x000000c7a0b00000) (1024K)]
  0x000001d96e54b5c0 JavaThread "Notification Thread"        daemon [_thread_blocked, id=6824, stack(0x000000c7a0b00000,0x000000c7a0c00000) (1024K)]
  0x000001d96f1b2820 JavaThread "background-preinit"                [_thread_in_vm, id=5944, stack(0x000000c7a1100000,0x000000c7a1200000) (1024K)]
Total: 15

Other Threads:
  0x000001d969aa8970 VMThread "VM Thread"                           [id=11364, stack(0x000000c79fe00000,0x000000c79ff00000) (1024K)]
  0x000001d969a8f130 WatcherThread "VM Periodic Task Thread"        [id=9912, stack(0x000000c79fd00000,0x000000c79fe00000) (1024K)]
  0x000001d94ce52fe0 WorkerThread "GC Thread#0"                     [id=12652, stack(0x000000c79f800000,0x000000c79f900000) (1024K)]
  0x000001d96eb80b30 WorkerThread "GC Thread#1"                     [id=5964, stack(0x000000c7a0c00000,0x000000c7a0d00000) (1024K)]
  0x000001d96eda0590 WorkerThread "GC Thread#2"                     [id=3428, stack(0x000000c7a0d00000,0x000000c7a0e00000) (1024K)]
  0x000001d96eb9dc20 WorkerThread "GC Thread#3"                     [id=2676, stack(0x000000c7a0e00000,0x000000c7a0f00000) (1024K)]
  0x000001d96ee6dad0 WorkerThread "GC Thread#4"                     [id=6872, stack(0x000000c7a0f00000,0x000000c7a1000000) (1024K)]
  0x000001d96ea64ec0 WorkerThread "GC Thread#5"                     [id=10856, stack(0x000000c7a1000000,0x000000c7a1100000) (1024K)]
  0x000001d96f3c2ed0 WorkerThread "GC Thread#6"                     [id=3512, stack(0x000000c7a1200000,0x000000c7a1300000) (1024K)]
  0x000001d96f3c3610 WorkerThread "GC Thread#7"                     [id=4436, stack(0x000000c7a1300000,0x000000c7a1400000) (1024K)]
  0x000001d96f3c2b30 WorkerThread "GC Thread#8"                     [id=2332, stack(0x000000c7a1400000,0x000000c7a1500000) (1024K)]
  0x000001d96f3c40f0 WorkerThread "GC Thread#9"                     [id=2780, stack(0x000000c7a1500000,0x000000c7a1600000) (1024K)]
  0x000001d94ce63800 ConcurrentGCThread "G1 Main Marker"            [id=1228, stack(0x000000c79f900000,0x000000c79fa00000) (1024K)]
  0x000001d94ce64300 WorkerThread "G1 Conc#0"                       [id=6564, stack(0x000000c79fa00000,0x000000c79fb00000) (1024K)]
  0x000001d9699640f0 ConcurrentGCThread "G1 Refine#0"               [id=12848, stack(0x000000c79fb00000,0x000000c79fc00000) (1024K)]
  0x000001d94cebdd30 ConcurrentGCThread "G1 Service"                [id=11160, stack(0x000000c79fc00000,0x000000c79fd00000) (1024K)]
Total: 16

Threads with active compile tasks:
C2 CompilerThread0     1466 1957       4       java.lang.invoke.MethodType::makeImpl (109 bytes)
C1 CompilerThread0     1466 2067       3       org.springframework.core.convert.TypeDescriptor::getAnnotatedElement (29 bytes)
C2 CompilerThread1     1466 2066       4       java.util.concurrent.locks.ReentrantLock::unlock (10 bytes)
C2 CompilerThread2     1467 2071       4       java.util.Set::of (4 bytes)
Total: 4

VM state: not at safepoint (normal execution)

VM Mutex/Monitor currently owned by a thread:  ([mutex/lock_event])
[0x00007fffdc398c48] SystemDictionary_lock - owner thread: 0x000001d94cdfc350

Heap address: 0x0000000083e00000, size: 1986 MB, Compressed Oops mode: 32-bit

CDS archive(s) mapped at: [0x000001d900000000-0x000001d900c90000-0x000001d900c90000), size 13172736, SharedBaseAddress: 0x000001d900000000, ArchiveRelocationMode: 1.
Compressed class space mapped at: 0x000001d901000000-0x000001d941000000, reserved size: 1073741824
Narrow klass base: 0x000001d900000000, Narrow klass shift: 0, Narrow klass range: 0x100000000

GC Precious Log:
 CardTable entry size: 512
 Card Set container configuration: InlinePtr #cards 5 size 8 Array Of Cards #cards 12 size 40 Howl #buckets 4 coarsen threshold 1843 Howl Bitmap #cards 512 size 80 coarsen threshold 460 Card regions per heap region 1 cards per card region 2048
 CPUs: 12 total, 12 available
 Memory: 7936M
 Large Page Support: Disabled
 NUMA Support: Disabled
 Compressed Oops: Enabled (32-bit)
 Heap Region Size: 1M
 Heap Min Capacity: 8M
 Heap Initial Capacity: 126M
 Heap Max Capacity: 1986M
 Pre-touch: Disabled
 Parallel Workers: 10
 Concurrent Workers: 3
 Concurrent Refinement Workers: 10
 Periodic GC: Disabled

Heap:
 garbage-first heap   total 129024K, used 14382K [0x0000000083e00000, 0x0000000100000000)
  region size 1024K, 7 young (7168K), 3 survivors (3072K)
 Metaspace       used 14043K, committed 14464K, reserved 1114112K
  class space    used 1921K, committed 2112K, reserved 1048576K

Heap Regions: E=young(eden), S=young(survivor), O=old, HS=humongous(starts), HC=humongous(continues), CS=collection set, F=free, TAMS=top-at-mark-start, PB=parsable bottom
|   0|0x0000000083e00000, 0x0000000083f00000, 0x0000000083f00000|100%|HS|  |TAMS 0x0000000083e00000| PB 0x0000000083e00000| Complete 
|   1|0x0000000083f00000, 0x0000000084000000, 0x0000000084000000|100%|HS|  |TAMS 0x0000000083f00000| PB 0x0000000083f00000| Complete 
|   2|0x0000000084000000, 0x0000000084100000, 0x0000000084100000|100%| O|  |TAMS 0x0000000084000000| PB 0x0000000084000000| Untracked 
|   3|0x0000000084100000, 0x0000000084200000, 0x0000000084200000|100%| O|  |TAMS 0x0000000084100000| PB 0x0000000084100000| Untracked 
|   4|0x0000000084200000, 0x0000000084300000, 0x0000000084300000|100%| O|  |TAMS 0x0000000084200000| PB 0x0000000084200000| Untracked 
|   5|0x0000000084300000, 0x0000000084400000, 0x0000000084400000|100%| O|  |TAMS 0x0000000084300000| PB 0x0000000084300000| Untracked 
|   6|0x0000000084400000, 0x0000000084500000, 0x0000000084500000|100%| O|  |TAMS 0x0000000084400000| PB 0x0000000084400000| Untracked 
|   7|0x0000000084500000, 0x0000000084600000, 0x0000000084600000|100%| O|  |TAMS 0x0000000084500000| PB 0x0000000084500000| Untracked 
|   8|0x0000000084600000, 0x00000000846c5908, 0x0000000084700000| 77%| O|  |TAMS 0x0000000084600000| PB 0x0000000084600000| Untracked 
|   9|0x0000000084700000, 0x0000000084700000, 0x0000000084800000|  0%| F|  |TAMS 0x0000000084700000| PB 0x0000000084700000| Untracked 
|  10|0x0000000084800000, 0x0000000084800000, 0x0000000084900000|  0%| F|  |TAMS 0x0000000084800000| PB 0x0000000084800000| Untracked 
|  11|0x0000000084900000, 0x0000000084900000, 0x0000000084a00000|  0%| F|  |TAMS 0x0000000084900000| PB 0x0000000084900000| Untracked 
|  12|0x0000000084a00000, 0x0000000084a00000, 0x0000000084b00000|  0%| F|  |TAMS 0x0000000084a00000| PB 0x0000000084a00000| Untracked 
|  13|0x0000000084b00000, 0x0000000084b00000, 0x0000000084c00000|  0%| F|  |TAMS 0x0000000084b00000| PB 0x0000000084b00000| Untracked 
|  14|0x0000000084c00000, 0x0000000084c00000, 0x0000000084d00000|  0%| F|  |TAMS 0x0000000084c00000| PB 0x0000000084c00000| Untracked 
|  15|0x0000000084d00000, 0x0000000084d00000, 0x0000000084e00000|  0%| F|  |TAMS 0x0000000084d00000| PB 0x0000000084d00000| Untracked 
|  16|0x0000000084e00000, 0x0000000084e00000, 0x0000000084f00000|  0%| F|  |TAMS 0x0000000084e00000| PB 0x0000000084e00000| Untracked 
|  17|0x0000000084f00000, 0x0000000084f00000, 0x0000000085000000|  0%| F|  |TAMS 0x0000000084f00000| PB 0x0000000084f00000| Untracked 
|  18|0x0000000085000000, 0x0000000085000000, 0x0000000085100000|  0%| F|  |TAMS 0x0000000085000000| PB 0x0000000085000000| Untracked 
|  19|0x0000000085100000, 0x0000000085100000, 0x0000000085200000|  0%| F|  |TAMS 0x0000000085100000| PB 0x0000000085100000| Untracked 
|  20|0x0000000085200000, 0x0000000085200000, 0x0000000085300000|  0%| F|  |TAMS 0x0000000085200000| PB 0x0000000085200000| Untracked 
|  21|0x0000000085300000, 0x0000000085300000, 0x0000000085400000|  0%| F|  |TAMS 0x0000000085300000| PB 0x0000000085300000| Untracked 
|  22|0x0000000085400000, 0x0000000085400000, 0x0000000085500000|  0%| F|  |TAMS 0x0000000085400000| PB 0x0000000085400000| Untracked 
|  23|0x0000000085500000, 0x0000000085500000, 0x0000000085600000|  0%| F|  |TAMS 0x0000000085500000| PB 0x0000000085500000| Untracked 
|  24|0x0000000085600000, 0x0000000085600000, 0x0000000085700000|  0%| F|  |TAMS 0x0000000085600000| PB 0x0000000085600000| Untracked 
|  25|0x0000000085700000, 0x0000000085700000, 0x0000000085800000|  0%| F|  |TAMS 0x0000000085700000| PB 0x0000000085700000| Untracked 
|  26|0x0000000085800000, 0x0000000085800000, 0x0000000085900000|  0%| F|  |TAMS 0x0000000085800000| PB 0x0000000085800000| Untracked 
|  27|0x0000000085900000, 0x0000000085900000, 0x0000000085a00000|  0%| F|  |TAMS 0x0000000085900000| PB 0x0000000085900000| Untracked 
|  28|0x0000000085a00000, 0x0000000085a00000, 0x0000000085b00000|  0%| F|  |TAMS 0x0000000085a00000| PB 0x0000000085a00000| Untracked 
|  29|0x0000000085b00000, 0x0000000085b00000, 0x0000000085c00000|  0%| F|  |TAMS 0x0000000085b00000| PB 0x0000000085b00000| Untracked 
|  30|0x0000000085c00000, 0x0000000085c00000, 0x0000000085d00000|  0%| F|  |TAMS 0x0000000085c00000| PB 0x0000000085c00000| Untracked 
|  31|0x0000000085d00000, 0x0000000085d00000, 0x0000000085e00000|  0%| F|  |TAMS 0x0000000085d00000| PB 0x0000000085d00000| Untracked 
|  32|0x0000000085e00000, 0x0000000085e00000, 0x0000000085f00000|  0%| F|  |TAMS 0x0000000085e00000| PB 0x0000000085e00000| Untracked 
|  33|0x0000000085f00000, 0x0000000085f00000, 0x0000000086000000|  0%| F|  |TAMS 0x0000000085f00000| PB 0x0000000085f00000| Untracked 
|  34|0x0000000086000000, 0x0000000086000000, 0x0000000086100000|  0%| F|  |TAMS 0x0000000086000000| PB 0x0000000086000000| Untracked 
|  35|0x0000000086100000, 0x0000000086100000, 0x0000000086200000|  0%| F|  |TAMS 0x0000000086100000| PB 0x0000000086100000| Untracked 
|  36|0x0000000086200000, 0x0000000086200000, 0x0000000086300000|  0%| F|  |TAMS 0x0000000086200000| PB 0x0000000086200000| Untracked 
|  37|0x0000000086300000, 0x0000000086300000, 0x0000000086400000|  0%| F|  |TAMS 0x0000000086300000| PB 0x0000000086300000| Untracked 
|  38|0x0000000086400000, 0x0000000086400000, 0x0000000086500000|  0%| F|  |TAMS 0x0000000086400000| PB 0x0000000086400000| Untracked 
|  39|0x0000000086500000, 0x0000000086500000, 0x0000000086600000|  0%| F|  |TAMS 0x0000000086500000| PB 0x0000000086500000| Untracked 
|  40|0x0000000086600000, 0x0000000086600000, 0x0000000086700000|  0%| F|  |TAMS 0x0000000086600000| PB 0x0000000086600000| Untracked 
|  41|0x0000000086700000, 0x0000000086700000, 0x0000000086800000|  0%| F|  |TAMS 0x0000000086700000| PB 0x0000000086700000| Untracked 
|  42|0x0000000086800000, 0x0000000086800000, 0x0000000086900000|  0%| F|  |TAMS 0x0000000086800000| PB 0x0000000086800000| Untracked 
|  43|0x0000000086900000, 0x0000000086900000, 0x0000000086a00000|  0%| F|  |TAMS 0x0000000086900000| PB 0x0000000086900000| Untracked 
|  44|0x0000000086a00000, 0x0000000086a00000, 0x0000000086b00000|  0%| F|  |TAMS 0x0000000086a00000| PB 0x0000000086a00000| Untracked 
|  45|0x0000000086b00000, 0x0000000086b00000, 0x0000000086c00000|  0%| F|  |TAMS 0x0000000086b00000| PB 0x0000000086b00000| Untracked 
|  46|0x0000000086c00000, 0x0000000086c00000, 0x0000000086d00000|  0%| F|  |TAMS 0x0000000086c00000| PB 0x0000000086c00000| Untracked 
|  47|0x0000000086d00000, 0x0000000086d00000, 0x0000000086e00000|  0%| F|  |TAMS 0x0000000086d00000| PB 0x0000000086d00000| Untracked 
|  48|0x0000000086e00000, 0x0000000086e00000, 0x0000000086f00000|  0%| F|  |TAMS 0x0000000086e00000| PB 0x0000000086e00000| Untracked 
|  49|0x0000000086f00000, 0x0000000086f00000, 0x0000000087000000|  0%| F|  |TAMS 0x0000000086f00000| PB 0x0000000086f00000| Untracked 
|  50|0x0000000087000000, 0x0000000087000000, 0x0000000087100000|  0%| F|  |TAMS 0x0000000087000000| PB 0x0000000087000000| Untracked 
|  51|0x0000000087100000, 0x0000000087100000, 0x0000000087200000|  0%| F|  |TAMS 0x0000000087100000| PB 0x0000000087100000| Untracked 
|  52|0x0000000087200000, 0x0000000087200000, 0x0000000087300000|  0%| F|  |TAMS 0x0000000087200000| PB 0x0000000087200000| Untracked 
|  53|0x0000000087300000, 0x0000000087300000, 0x0000000087400000|  0%| F|  |TAMS 0x0000000087300000| PB 0x0000000087300000| Untracked 
|  54|0x0000000087400000, 0x0000000087400000, 0x0000000087500000|  0%| F|  |TAMS 0x0000000087400000| PB 0x0000000087400000| Untracked 
|  55|0x0000000087500000, 0x0000000087500000, 0x0000000087600000|  0%| F|  |TAMS 0x0000000087500000| PB 0x0000000087500000| Untracked 
|  56|0x0000000087600000, 0x0000000087600000, 0x0000000087700000|  0%| F|  |TAMS 0x0000000087600000| PB 0x0000000087600000| Untracked 
|  57|0x0000000087700000, 0x0000000087700000, 0x0000000087800000|  0%| F|  |TAMS 0x0000000087700000| PB 0x0000000087700000| Untracked 
|  58|0x0000000087800000, 0x0000000087800000, 0x0000000087900000|  0%| F|  |TAMS 0x0000000087800000| PB 0x0000000087800000| Untracked 
|  59|0x0000000087900000, 0x0000000087900000, 0x0000000087a00000|  0%| F|  |TAMS 0x0000000087900000| PB 0x0000000087900000| Untracked 
|  60|0x0000000087a00000, 0x0000000087a00000, 0x0000000087b00000|  0%| F|  |TAMS 0x0000000087a00000| PB 0x0000000087a00000| Untracked 
|  61|0x0000000087b00000, 0x0000000087b00000, 0x0000000087c00000|  0%| F|  |TAMS 0x0000000087b00000| PB 0x0000000087b00000| Untracked 
|  62|0x0000000087c00000, 0x0000000087c00000, 0x0000000087d00000|  0%| F|  |TAMS 0x0000000087c00000| PB 0x0000000087c00000| Untracked 
|  63|0x0000000087d00000, 0x0000000087d00000, 0x0000000087e00000|  0%| F|  |TAMS 0x0000000087d00000| PB 0x0000000087d00000| Untracked 
|  64|0x0000000087e00000, 0x0000000087e00000, 0x0000000087f00000|  0%| F|  |TAMS 0x0000000087e00000| PB 0x0000000087e00000| Untracked 
|  65|0x0000000087f00000, 0x0000000087f00000, 0x0000000088000000|  0%| F|  |TAMS 0x0000000087f00000| PB 0x0000000087f00000| Untracked 
|  66|0x0000000088000000, 0x0000000088000000, 0x0000000088100000|  0%| F|  |TAMS 0x0000000088000000| PB 0x0000000088000000| Untracked 
|  67|0x0000000088100000, 0x0000000088100000, 0x0000000088200000|  0%| F|  |TAMS 0x0000000088100000| PB 0x0000000088100000| Untracked 
|  68|0x0000000088200000, 0x0000000088200000, 0x0000000088300000|  0%| F|  |TAMS 0x0000000088200000| PB 0x0000000088200000| Untracked 
|  69|0x0000000088300000, 0x0000000088300000, 0x0000000088400000|  0%| F|  |TAMS 0x0000000088300000| PB 0x0000000088300000| Untracked 
|  70|0x0000000088400000, 0x0000000088400000, 0x0000000088500000|  0%| F|  |TAMS 0x0000000088400000| PB 0x0000000088400000| Untracked 
|  71|0x0000000088500000, 0x0000000088500000, 0x0000000088600000|  0%| F|  |TAMS 0x0000000088500000| PB 0x0000000088500000| Untracked 
|  72|0x0000000088600000, 0x0000000088600000, 0x0000000088700000|  0%| F|  |TAMS 0x0000000088600000| PB 0x0000000088600000| Untracked 
|  73|0x0000000088700000, 0x0000000088700000, 0x0000000088800000|  0%| F|  |TAMS 0x0000000088700000| PB 0x0000000088700000| Untracked 
|  74|0x0000000088800000, 0x0000000088800000, 0x0000000088900000|  0%| F|  |TAMS 0x0000000088800000| PB 0x0000000088800000| Untracked 
|  75|0x0000000088900000, 0x0000000088900000, 0x0000000088a00000|  0%| F|  |TAMS 0x0000000088900000| PB 0x0000000088900000| Untracked 
|  76|0x0000000088a00000, 0x0000000088a00000, 0x0000000088b00000|  0%| F|  |TAMS 0x0000000088a00000| PB 0x0000000088a00000| Untracked 
|  77|0x0000000088b00000, 0x0000000088b00000, 0x0000000088c00000|  0%| F|  |TAMS 0x0000000088b00000| PB 0x0000000088b00000| Untracked 
|  78|0x0000000088c00000, 0x0000000088c00000, 0x0000000088d00000|  0%| F|  |TAMS 0x0000000088c00000| PB 0x0000000088c00000| Untracked 
|  79|0x0000000088d00000, 0x0000000088d00000, 0x0000000088e00000|  0%| F|  |TAMS 0x0000000088d00000| PB 0x0000000088d00000| Untracked 
|  80|0x0000000088e00000, 0x0000000088e00000, 0x0000000088f00000|  0%| F|  |TAMS 0x0000000088e00000| PB 0x0000000088e00000| Untracked 
|  81|0x0000000088f00000, 0x0000000088f00000, 0x0000000089000000|  0%| F|  |TAMS 0x0000000088f00000| PB 0x0000000088f00000| Untracked 
|  82|0x0000000089000000, 0x0000000089000000, 0x0000000089100000|  0%| F|  |TAMS 0x0000000089000000| PB 0x0000000089000000| Untracked 
|  83|0x0000000089100000, 0x0000000089100000, 0x0000000089200000|  0%| F|  |TAMS 0x0000000089100000| PB 0x0000000089100000| Untracked 
|  84|0x0000000089200000, 0x0000000089200000, 0x0000000089300000|  0%| F|  |TAMS 0x0000000089200000| PB 0x0000000089200000| Untracked 
|  85|0x0000000089300000, 0x0000000089300000, 0x0000000089400000|  0%| F|  |TAMS 0x0000000089300000| PB 0x0000000089300000| Untracked 
|  86|0x0000000089400000, 0x0000000089400000, 0x0000000089500000|  0%| F|  |TAMS 0x0000000089400000| PB 0x0000000089400000| Untracked 
|  87|0x0000000089500000, 0x0000000089500000, 0x0000000089600000|  0%| F|  |TAMS 0x0000000089500000| PB 0x0000000089500000| Untracked 
|  88|0x0000000089600000, 0x0000000089600000, 0x0000000089700000|  0%| F|  |TAMS 0x0000000089600000| PB 0x0000000089600000| Untracked 
|  89|0x0000000089700000, 0x0000000089700000, 0x0000000089800000|  0%| F|  |TAMS 0x0000000089700000| PB 0x0000000089700000| Untracked 
|  90|0x0000000089800000, 0x0000000089800000, 0x0000000089900000|  0%| F|  |TAMS 0x0000000089800000| PB 0x0000000089800000| Untracked 
|  91|0x0000000089900000, 0x0000000089900000, 0x0000000089a00000|  0%| F|  |TAMS 0x0000000089900000| PB 0x0000000089900000| Untracked 
|  92|0x0000000089a00000, 0x0000000089a45fd8, 0x0000000089b00000| 27%| S|CS|TAMS 0x0000000089a00000| PB 0x0000000089a00000| Complete 
|  93|0x0000000089b00000, 0x0000000089c00000, 0x0000000089c00000|100%| S|CS|TAMS 0x0000000089b00000| PB 0x0000000089b00000| Complete 
|  94|0x0000000089c00000, 0x0000000089d00000, 0x0000000089d00000|100%| S|CS|TAMS 0x0000000089c00000| PB 0x0000000089c00000| Complete 
|  95|0x0000000089d00000, 0x0000000089d00000, 0x0000000089e00000|  0%| F|  |TAMS 0x0000000089d00000| PB 0x0000000089d00000| Untracked 
|  96|0x0000000089e00000, 0x0000000089e00000, 0x0000000089f00000|  0%| F|  |TAMS 0x0000000089e00000| PB 0x0000000089e00000| Untracked 
|  97|0x0000000089f00000, 0x0000000089f00000, 0x000000008a000000|  0%| F|  |TAMS 0x0000000089f00000| PB 0x0000000089f00000| Untracked 
|  98|0x000000008a000000, 0x000000008a000000, 0x000000008a100000|  0%| F|  |TAMS 0x000000008a000000| PB 0x000000008a000000| Untracked 
|  99|0x000000008a100000, 0x000000008a100000, 0x000000008a200000|  0%| F|  |TAMS 0x000000008a100000| PB 0x000000008a100000| Untracked 
| 100|0x000000008a200000, 0x000000008a200000, 0x000000008a300000|  0%| F|  |TAMS 0x000000008a200000| PB 0x000000008a200000| Untracked 
| 101|0x000000008a300000, 0x000000008a300000, 0x000000008a400000|  0%| F|  |TAMS 0x000000008a300000| PB 0x000000008a300000| Untracked 
| 102|0x000000008a400000, 0x000000008a400000, 0x000000008a500000|  0%| F|  |TAMS 0x000000008a400000| PB 0x000000008a400000| Untracked 
| 103|0x000000008a500000, 0x000000008a500000, 0x000000008a600000|  0%| F|  |TAMS 0x000000008a500000| PB 0x000000008a500000| Untracked 
| 104|0x000000008a600000, 0x000000008a600000, 0x000000008a700000|  0%| F|  |TAMS 0x000000008a600000| PB 0x000000008a600000| Untracked 
| 105|0x000000008a700000, 0x000000008a700000, 0x000000008a800000|  0%| F|  |TAMS 0x000000008a700000| PB 0x000000008a700000| Untracked 
| 106|0x000000008a800000, 0x000000008a800000, 0x000000008a900000|  0%| F|  |TAMS 0x000000008a800000| PB 0x000000008a800000| Untracked 
| 107|0x000000008a900000, 0x000000008a900000, 0x000000008aa00000|  0%| F|  |TAMS 0x000000008a900000| PB 0x000000008a900000| Untracked 
| 108|0x000000008aa00000, 0x000000008aa00000, 0x000000008ab00000|  0%| F|  |TAMS 0x000000008aa00000| PB 0x000000008aa00000| Untracked 
| 109|0x000000008ab00000, 0x000000008ab00000, 0x000000008ac00000|  0%| F|  |TAMS 0x000000008ab00000| PB 0x000000008ab00000| Untracked 
| 110|0x000000008ac00000, 0x000000008ac00000, 0x000000008ad00000|  0%| F|  |TAMS 0x000000008ac00000| PB 0x000000008ac00000| Untracked 
| 111|0x000000008ad00000, 0x000000008ad00000, 0x000000008ae00000|  0%| F|  |TAMS 0x000000008ad00000| PB 0x000000008ad00000| Untracked 
| 112|0x000000008ae00000, 0x000000008ae00000, 0x000000008af00000|  0%| F|  |TAMS 0x000000008ae00000| PB 0x000000008ae00000| Untracked 
| 113|0x000000008af00000, 0x000000008af00000, 0x000000008b000000|  0%| F|  |TAMS 0x000000008af00000| PB 0x000000008af00000| Untracked 
| 114|0x000000008b000000, 0x000000008b000000, 0x000000008b100000|  0%| F|  |TAMS 0x000000008b000000| PB 0x000000008b000000| Untracked 
| 115|0x000000008b100000, 0x000000008b100000, 0x000000008b200000|  0%| F|  |TAMS 0x000000008b100000| PB 0x000000008b100000| Untracked 
| 116|0x000000008b200000, 0x000000008b200000, 0x000000008b300000|  0%| F|  |TAMS 0x000000008b200000| PB 0x000000008b200000| Untracked 
| 117|0x000000008b300000, 0x000000008b300000, 0x000000008b400000|  0%| F|  |TAMS 0x000000008b300000| PB 0x000000008b300000| Untracked 
| 118|0x000000008b400000, 0x000000008b400000, 0x000000008b500000|  0%| F|  |TAMS 0x000000008b400000| PB 0x000000008b400000| Untracked 
| 119|0x000000008b500000, 0x000000008b500000, 0x000000008b600000|  0%| F|  |TAMS 0x000000008b500000| PB 0x000000008b500000| Untracked 
| 120|0x000000008b600000, 0x000000008b600000, 0x000000008b700000|  0%| F|  |TAMS 0x000000008b600000| PB 0x000000008b600000| Untracked 
| 121|0x000000008b700000, 0x000000008b700000, 0x000000008b800000|  0%| F|  |TAMS 0x000000008b700000| PB 0x000000008b700000| Untracked 
| 122|0x000000008b800000, 0x000000008b900000, 0x000000008b900000|100%| E|  |TAMS 0x000000008b800000| PB 0x000000008b800000| Complete 
| 123|0x000000008b900000, 0x000000008ba00000, 0x000000008ba00000|100%| E|CS|TAMS 0x000000008b900000| PB 0x000000008b900000| Complete 
| 124|0x000000008ba00000, 0x000000008bb00000, 0x000000008bb00000|100%| E|CS|TAMS 0x000000008ba00000| PB 0x000000008ba00000| Complete 
| 125|0x000000008bb00000, 0x000000008bc00000, 0x000000008bc00000|100%| E|CS|TAMS 0x000000008bb00000| PB 0x000000008bb00000| Complete 

Card table byte_map: [0x000001d964b80000,0x000001d964f70000] _byte_map_base: 0x000001d964761000

Marking Bits: (CMBitMap*) 0x000001d94ce536e0
 Bits: [0x000001d964f70000, 0x000001d966e78000)

Polling page: 0x000001d94ad80000

Metaspace:

Usage:
  Non-class:     11.84 MB used.
      Class:      1.88 MB used.
       Both:     13.72 MB used.

Virtual space:
  Non-class space:       64.00 MB reserved,      12.06 MB ( 19%) committed,  1 nodes.
      Class space:        1.00 GB reserved,       2.06 MB ( <1%) committed,  1 nodes.
             Both:        1.06 GB reserved,      14.12 MB (  1%) committed. 

Chunk freelists:
   Non-Class:  3.67 MB
       Class:  13.90 MB
        Both:  17.57 MB

MaxMetaspaceSize: unlimited
CompressedClassSpaceSize: 1.00 GB
Initial GC threshold: 21.00 MB
Current GC threshold: 21.00 MB
CDS: on
 - commit_granule_bytes: 65536.
 - commit_granule_words: 8192.
 - virtual_space_node_default_size: 8388608.
 - enlarge_chunks_in_place: 1.
 - use_allocation_guard: 0.


Internal statistics:

num_allocs_failed_limit: 0.
num_arena_births: 416.
num_arena_deaths: 0.
num_vsnodes_births: 2.
num_vsnodes_deaths: 0.
num_space_committed: 226.
num_space_uncommitted: 0.
num_chunks_returned_to_freelist: 0.
num_chunks_taken_from_freelist: 912.
num_chunk_merges: 0.
num_chunk_splits: 598.
num_chunks_enlarged: 413.
num_inconsistent_stats: 0.

CodeHeap 'non-profiled nmethods': size=120000Kb used=800Kb max_used=800Kb free=119200Kb
 bounds [0x000001d95cd10000, 0x000001d95cf80000, 0x000001d964240000]
CodeHeap 'profiled nmethods': size=120000Kb used=3702Kb max_used=3702Kb free=116297Kb
 bounds [0x000001d955240000, 0x000001d9555e0000, 0x000001d95c770000]
CodeHeap 'non-nmethods': size=5760Kb used=1409Kb max_used=1425Kb free=4351Kb
 bounds [0x000001d95c770000, 0x000001d95c9e0000, 0x000001d95cd10000]
 total_blobs=2566 nmethods=2065 adapters=405
 compilation: enabled
              stopped_count=0, restarted_count=0
 full_count=0

Compilation events (20 events):
Event: 1.425 Thread 0x000001d969ad4530 nmethod 2043 0x000001d9555d1210 code [0x000001d9555d13c0, 0x000001d9555d15f0]
Event: 1.425 Thread 0x000001d969ad4530 2044       3       java.lang.ref.NativeReferenceQueue::signal (8 bytes)
Event: 1.426 Thread 0x000001d969ad4530 nmethod 2044 0x000001d9555d1710 code [0x000001d9555d18c0, 0x000001d9555d1a00]
Event: 1.426 Thread 0x000001d969ad4530 2047       3       sun.invoke.util.VerifyAccess::getClassModifiers (24 bytes)
Event: 1.426 Thread 0x000001d969ad4530 nmethod 2047 0x000001d9555d1b10 code [0x000001d9555d1ce0, 0x000001d9555d1f38]
Event: 1.426 Thread 0x000001d969ad4530 2041       3       java.util.concurrent.locks.ReentrantLock$Sync::isHeldExclusively (16 bytes)
Event: 1.427 Thread 0x000001d969ad4530 nmethod 2041 0x000001d9555d2010 code [0x000001d9555d21c0, 0x000001d9555d2360]
Event: 1.427 Thread 0x000001d969ad4530 2036       3       java.lang.invoke.InfoFromMemberName::<init> (72 bytes)
Event: 1.427 Thread 0x000001d96e116710 nmethod 2046 0x000001d95cdd5a90 code [0x000001d95cdd5c20, 0x000001d95cdd5d38]
Event: 1.427 Thread 0x000001d969ad4530 nmethod 2036 0x000001d9555d2410 code [0x000001d9555d25c0, 0x000001d9555d27a0]
Event: 1.427 Thread 0x000001d969ad4530 2038       3       java.lang.invoke.AbstractValidatingLambdaMetafactory::isAdaptableToAsReturn (36 bytes)
Event: 1.428 Thread 0x000001d969ad4530 nmethod 2038 0x000001d9555d2890 code [0x000001d9555d2a60, 0x000001d9555d2f00]
Event: 1.428 Thread 0x000001d969ad4530 2035       3       sun.reflect.annotation.AnnotationType::getInstance (65 bytes)
Event: 1.428 Thread 0x000001d969ad4530 nmethod 2035 0x000001d9555d3090 code [0x000001d9555d32a0, 0x000001d9555d3840]
Event: 1.428 Thread 0x000001d969ad4530 2034       1       sun.reflect.annotation.AnnotationType::memberDefaults (5 bytes)
Event: 1.428 Thread 0x000001d969ad4530 nmethod 2034 0x000001d95cdd5e90 code [0x000001d95cdd6020, 0x000001d95cdd60e8]
Event: 1.432 Thread 0x000001d969ad4530 2048       3       sun.reflect.generics.parser.SignatureParser::parseTypeArguments (109 bytes)
Event: 1.433 Thread 0x000001d969ad4530 nmethod 2048 0x000001d9555d3b10 code [0x000001d9555d3de0, 0x000001d9555d4b38]
Event: 1.441 Thread 0x000001d969ad4530 2050       1       sun.reflect.annotation.AnnotationType::retention (5 bytes)
Event: 1.441 Thread 0x000001d969ad4530 nmethod 2050 0x000001d95cdd6790 code [0x000001d95cdd6920, 0x000001d95cdd69e8]

GC Heap History (4 events):
Event: 0.800 GC heap before
{Heap before GC invocations=0 (full 0):
 garbage-first heap   total 129024K, used 24576K [0x0000000083e00000, 0x0000000100000000)
  region size 1024K, 23 young (23552K), 0 survivors (0K)
 Metaspace       used 6108K, committed 6336K, reserved 1114112K
  class space    used 711K, committed 768K, reserved 1048576K
}
Event: 0.806 GC heap after
{Heap after GC invocations=1 (full 0):
 garbage-first heap   total 129024K, used 8794K [0x0000000083e00000, 0x0000000100000000)
  region size 1024K, 3 young (3072K), 3 survivors (3072K)
 Metaspace       used 6108K, committed 6336K, reserved 1114112K
  class space    used 711K, committed 768K, reserved 1048576K
}
Event: 1.407 GC heap before
{Heap before GC invocations=1 (full 0):
 garbage-first heap   total 129024K, used 37466K [0x0000000083e00000, 0x0000000100000000)
  region size 1024K, 31 young (31744K), 3 survivors (3072K)
 Metaspace       used 13213K, committed 13632K, reserved 1114112K
  class space    used 1798K, committed 1984K, reserved 1048576K
}
Event: 1.412 GC heap after
{Heap after GC invocations=2 (full 0):
 garbage-first heap   total 129024K, used 11310K [0x0000000083e00000, 0x0000000100000000)
  region size 1024K, 3 young (3072K), 3 survivors (3072K)
 Metaspace       used 13213K, committed 13632K, reserved 1114112K
  class space    used 1798K, committed 1984K, reserved 1048576K
}

Dll operation events (9 events):
Event: 0.012 Loaded shared library C:\Users\user\.jdks\openjdk-21\bin\java.dll
Event: 0.047 Loaded shared library C:\Users\user\.jdks\openjdk-21\bin\jsvml.dll
Event: 0.095 Loaded shared library C:\Users\user\.jdks\openjdk-21\bin\zip.dll
Event: 0.100 Loaded shared library C:\Users\user\.jdks\openjdk-21\bin\instrument.dll
Event: 0.104 Loaded shared library C:\Users\user\.jdks\openjdk-21\bin\net.dll
Event: 0.105 Loaded shared library C:\Users\user\.jdks\openjdk-21\bin\nio.dll
Event: 0.107 Loaded shared library C:\Users\user\.jdks\openjdk-21\bin\zip.dll
Event: 0.212 Loaded shared library C:\Users\user\.jdks\openjdk-21\bin\extnet.dll
Event: 0.226 Loaded shared library C:\Users\user\.jdks\openjdk-21\bin\jimage.dll

Deoptimization events (20 events):
Event: 1.246 Thread 0x000001d94cdfc350 DEOPT PACKING pc=0x000001d95556a839 sp=0x000000c79f7fa9d0
Event: 1.246 Thread 0x000001d94cdfc350 DEOPT UNPACKING pc=0x000001d95c7c4e42 sp=0x000000c79f7f9ed8 mode 0
Event: 1.261 Thread 0x000001d96f1b2820 DEOPT PACKING pc=0x000001d95556a839 sp=0x000000c7a11fdca0
Event: 1.261 Thread 0x000001d96f1b2820 DEOPT UNPACKING pc=0x000001d95c7c4e42 sp=0x000000c7a11fd1a8 mode 0
Event: 1.274 Thread 0x000001d96f1b2820 DEOPT PACKING pc=0x000001d95556a839 sp=0x000000c7a11fcfd0
Event: 1.274 Thread 0x000001d96f1b2820 DEOPT UNPACKING pc=0x000001d95c7c4e42 sp=0x000000c7a11fc4d8 mode 0
Event: 1.289 Thread 0x000001d96f1b2820 DEOPT PACKING pc=0x000001d95556a839 sp=0x000000c7a11fd790
Event: 1.289 Thread 0x000001d96f1b2820 DEOPT UNPACKING pc=0x000001d95c7c4e42 sp=0x000000c7a11fcc98 mode 0
Event: 1.324 Thread 0x000001d94cdfc350 Uncommon trap: trap_request=0xffffff45 fr.pc=0x000001d95cd86fa8 relative=0x00000000000001c8
Event: 1.324 Thread 0x000001d94cdfc350 Uncommon trap: reason=unstable_if action=reinterpret pc=0x000001d95cd86fa8 method=java.util.concurrent.ConcurrentHashMap.addCount(JI)V @ 171 c2
Event: 1.324 Thread 0x000001d94cdfc350 DEOPT PACKING pc=0x000001d95cd86fa8 sp=0x000000c79f7fcc20
Event: 1.324 Thread 0x000001d94cdfc350 DEOPT UNPACKING pc=0x000001d95c7c46a2 sp=0x000000c79f7fcb60 mode 2
Event: 1.340 Thread 0x000001d94cdfc350 Uncommon trap: trap_request=0xffffffde fr.pc=0x000001d95cd97d50 relative=0x00000000000009f0
Event: 1.340 Thread 0x000001d94cdfc350 Uncommon trap: reason=class_check action=maybe_recompile pc=0x000001d95cd97d50 method=java.util.HashMap.putVal(ILjava/lang/Object;Ljava/lang/Object;ZZ)Ljava/lang/Object; @ 203 c2
Event: 1.341 Thread 0x000001d94cdfc350 DEOPT PACKING pc=0x000001d95cd97d50 sp=0x000000c79f7fdfa0
Event: 1.341 Thread 0x000001d94cdfc350 DEOPT UNPACKING pc=0x000001d95c7c46a2 sp=0x000000c79f7fded8 mode 2
Event: 1.341 Thread 0x000001d94cdfc350 Uncommon trap: trap_request=0xffffff45 fr.pc=0x000001d95cd7b1c8 relative=0x0000000000000308
Event: 1.341 Thread 0x000001d94cdfc350 Uncommon trap: reason=unstable_if action=reinterpret pc=0x000001d95cd7b1c8 method=jdk.internal.org.objectweb.asm.SymbolTable.put(Ljdk/internal/org/objectweb/asm/SymbolTable$Entry;)Ljdk/internal/org/objectweb/asm/SymbolTable$Entry; @ 13 c2
Event: 1.342 Thread 0x000001d94cdfc350 DEOPT PACKING pc=0x000001d95cd7b1c8 sp=0x000000c79f7fd5f0
Event: 1.342 Thread 0x000001d94cdfc350 DEOPT UNPACKING pc=0x000001d95c7c46a2 sp=0x000000c79f7fd570 mode 2

Classes loaded (20 events):
Event: 1.362 Loading class java/time/chrono/ChronoLocalDateImpl done
Event: 1.362 Loading class java/time/chrono/HijrahDate done
Event: 1.362 Loading class java/time/chrono/JapaneseDate
Event: 1.362 Loading class java/time/chrono/JapaneseDate done
Event: 1.363 Loading class java/time/chrono/MinguoDate
Event: 1.363 Loading class java/time/chrono/MinguoDate done
Event: 1.363 Loading class java/time/chrono/ThaiBuddhistDate
Event: 1.364 Loading class java/time/chrono/ThaiBuddhistDate done
Event: 1.390 Loading class sun/reflect/generics/tree/BooleanSignature
Event: 1.390 Loading class sun/reflect/generics/tree/BooleanSignature done
Event: 1.391 Loading class sun/reflect/generics/tree/DoubleSignature
Event: 1.391 Loading class sun/reflect/generics/tree/DoubleSignature done
Event: 1.391 Loading class sun/reflect/generics/tree/FloatSignature
Event: 1.391 Loading class sun/reflect/generics/tree/FloatSignature done
Event: 1.391 Loading class sun/reflect/generics/tree/IntSignature
Event: 1.391 Loading class sun/reflect/generics/tree/IntSignature done
Event: 1.391 Loading class sun/reflect/generics/tree/LongSignature
Event: 1.391 Loading class sun/reflect/generics/tree/LongSignature done
Event: 1.391 Loading class sun/reflect/generics/tree/ShortSignature
Event: 1.391 Loading class sun/reflect/generics/tree/ShortSignature done

Classes unloaded (0 events):
No events

Classes redefined (0 events):
No events

Internal exceptions (20 events):
Event: 0.988 Thread 0x000001d94cdfc350 Exception <a 'java/lang/NoSuchMethodError'{0x000000008b417f60}: 'int java.lang.invoke.DirectMethodHandle$Holder.invokeStatic(java.lang.Object, long)'> (0x000000008b417f60) 
thrown [s\open\src\hotspot\share\interpreter\linkResolver.cpp, line 773]
Event: 0.992 Thread 0x000001d94cdfc350 Exception <a 'java/lang/NoSuchMethodError'{0x000000008b439370}: 'int java.lang.invoke.Invokers$Holder.linkToTargetMethod(java.lang.Object, java.lang.Object)'> (0x000000008b439370) 
thrown [s\open\src\hotspot\share\interpreter\linkResolver.cpp, line 773]
Event: 1.028 Thread 0x000001d94cdfc350 Exception <a 'java/lang/NoSuchMethodError'{0x000000008b3dc300}: 'java.lang.Object java.lang.invoke.DirectMethodHandle$Holder.invokeSpecial(java.lang.Object, java.lang.Object, java.lang.Object, int, java.lang.Object)'> (0x000000008b3dc300) 
thrown [s\open\src\hotspot\share\interpreter\linkResolver.cpp, line 773]
Event: 1.030 Thread 0x000001d94cdfc350 Exception <a 'java/lang/NoSuchMethodError'{0x000000008b3e3af8}: 'java.lang.Object java.lang.invoke.DirectMethodHandle$Holder.newInvokeSpecial(java.lang.Object, java.lang.Object, java.lang.Object, int, java.lang.Object)'> (0x000000008b3e3af8) 
thrown [s\open\src\hotspot\share\interpreter\linkResolver.cpp, line 773]
Event: 1.031 Thread 0x000001d94cdfc350 Exception <a 'java/lang/NoSuchMethodError'{0x000000008b3eafb0}: 'java.lang.Object java.lang.invoke.Invokers$Holder.linkToTargetMethod(java.lang.Object, java.lang.Object, int, java.lang.Object, java.lang.Object)'> (0x000000008b3eafb0) 
thrown [s\open\src\hotspot\share\interpreter\linkResolver.cpp, line 773]
Event: 1.033 Thread 0x000001d94cdfc350 Exception <a 'java/lang/NoSuchMethodError'{0x000000008b3f95f0}: 'java.lang.Object java.lang.invoke.DirectMethodHandle$Holder.newInvokeSpecial(java.lang.Object, int, java.lang.Object)'> (0x000000008b3f95f0) 
thrown [s\open\src\hotspot\share\interpreter\linkResolver.cpp, line 773]
Event: 1.033 Thread 0x000001d94cdfc350 Exception <a 'java/lang/NoSuchMethodError'{0x000000008b3fdd90}: 'int java.lang.invoke.DirectMethodHandle$Holder.invokeSpecialIFC(java.lang.Object, java.lang.Object, java.lang.Object, java.lang.Object)'> (0x000000008b3fdd90) 
thrown [s\open\src\hotspot\share\interpreter\linkResolver.cpp, line 773]
Event: 1.045 Thread 0x000001d94cdfc350 Exception <a 'java/lang/NoSuchMethodError'{0x000000008b29ac48}: 'java.lang.Object java.lang.invoke.DirectMethodHandle$Holder.invokeVirtual(java.lang.Object, java.lang.Object, java.lang.Object)'> (0x000000008b29ac48) 
thrown [s\open\src\hotspot\share\interpreter\linkResolver.cpp, line 773]
Event: 1.048 Thread 0x000001d94cdfc350 Exception <a 'java/lang/NoSuchMethodError'{0x000000008b2c31c8}: 'void java.lang.invoke.DirectMethodHandle$Holder.invokeInterface(java.lang.Object, java.lang.Object, java.lang.Object)'> (0x000000008b2c31c8) 
thrown [s\open\src\hotspot\share\interpreter\linkResolver.cpp, line 773]
Event: 1.073 Thread 0x000001d94cdfc350 Exception <a 'java/lang/NoSuchMethodError'{0x000000008b172a90}: 'void java.lang.invoke.DirectMethodHandle$Holder.invokeStaticInit(java.lang.Object, java.lang.Object, java.lang.Object)'> (0x000000008b172a90) 
thrown [s\open\src\hotspot\share\interpreter\linkResolver.cpp, line 773]
Event: 1.082 Thread 0x000001d94cdfc350 Exception <a 'java/lang/NoSuchMethodError'{0x000000008b1ab188}: 'java.lang.Object java.lang.invoke.DirectMethodHandle$Holder.invokeStaticInit(java.lang.Object, int)'> (0x000000008b1ab188) 
thrown [s\open\src\hotspot\share\interpreter\linkResolver.cpp, line 773]
Event: 1.086 Thread 0x000001d94cdfc350 Exception <a 'java/lang/NoSuchMethodError'{0x000000008b1b5208}: 'java.lang.Object java.lang.invoke.DirectMethodHandle$Holder.invokeStatic(java.lang.Object, int, java.lang.Object)'> (0x000000008b1b5208) 
thrown [s\open\src\hotspot\share\interpreter\linkResolver.cpp, line 773]
Event: 1.087 Thread 0x000001d94cdfc350 Exception <a 'java/lang/NoSuchMethodError'{0x000000008b1b8858}: 'java.lang.Object java.lang.invoke.DirectMethodHandle$Holder.invokeStaticInit(java.lang.Object, int, java.lang.Object)'> (0x000000008b1b8858) 
thrown [s\open\src\hotspot\share\interpreter\linkResolver.cpp, line 773]
Event: 1.114 Thread 0x000001d94cdfc350 Exception <a 'java/lang/NoSuchMethodError'{0x000000008b04f618}: 'void java.lang.invoke.DirectMethodHandle$Holder.invokeVirtual(java.lang.Object, java.lang.Object, java.lang.Object, java.lang.Object)'> (0x000000008b04f618) 
thrown [s\open\src\hotspot\share\interpreter\linkResolver.cpp, line 773]
Event: 1.173 Thread 0x000001d94cdfc350 Exception <a 'java/lang/NoSuchMethodError'{0x000000008aea0ba0}: 'java.lang.Object java.lang.invoke.Invokers$Holder.invoke_MT(java.lang.Object, java.lang.Object, java.lang.Object, java.lang.Object, java.lang.Object, java.lang.Object, java.lang.Object, java.lang.Object, java.lang.Object)'> (0x000000008aea0ba0) 
thrown [s\open\src\hotspot\share\interpreter\linkResolver.cpp, line 773]
Event: 1.182 Thread 0x000001d94cdfc350 Exception <a 'java/lang/NoSuchMethodError'{0x000000008ad25a10}: 'java.lang.reflect.Field[] java.lang.Class.getDeclaredFields(java.lang.Class)'> (0x000000008ad25a10) 
thrown [s\open\src\hotspot\share\interpreter\linkResolver.cpp, line 773]
Event: 1.193 Thread 0x000001d94cdfc350 Exception <a 'java/lang/IncompatibleClassChangeError'{0x000000008ad6c520}: Found class java.lang.Object, but interface was expected> (0x000000008ad6c520) 
thrown [s\open\src\hotspot\share\interpreter\linkResolver.cpp, line 840]
Event: 1.220 Thread 0x000001d96f1b2820 Exception <a 'java/lang/NoSuchMethodError'{0x000000008ace46d0}: 'int java.lang.invoke.DirectMethodHandle$Holder.invokeSpecial(java.lang.Object, java.lang.Object, java.lang.Object, int)'> (0x000000008ace46d0) 
thrown [s\open\src\hotspot\share\interpreter\linkResolver.cpp, line 773]
Event: 1.221 Thread 0x000001d96f1b2820 Exception <a 'java/lang/NoSuchMethodError'{0x000000008ab06560}: 'java.lang.Object java.lang.invoke.DirectMethodHandle$Holder.invokeStatic(java.lang.Object, java.lang.Object, java.lang.Object, java.lang.Object, int)'> (0x000000008ab06560) 
thrown [s\open\src\hotspot\share\interpreter\linkResolver.cpp, line 773]
Event: 1.222 Thread 0x000001d96f1b2820 Exception <a 'java/lang/NoSuchMethodError'{0x000000008ab11568}: 'void java.lang.invoke.DelegatingMethodHandle$Holder.reinvoke_L(java.lang.Object, java.lang.Object, java.lang.Object, java.lang.Object, int, java.lang.Object, java.lang.Object, java.lang.Object)'> (0x000000008ab11568) 
thrown [s\open\src\hotspot\share\interpreter\linkResolver.cpp, line 773]

ZGC Phase Switch (0 events):
No events

VM Operations (20 events):
Event: 0.702 Executing VM operation: HandshakeAllThreads (Deoptimize)
Event: 0.702 Executing VM operation: HandshakeAllThreads (Deoptimize) done
Event: 0.713 Executing VM operation: HandshakeAllThreads (Deoptimize)
Event: 0.713 Executing VM operation: HandshakeAllThreads (Deoptimize) done
Event: 0.800 Executing VM operation: G1CollectForAllocation (G1 Evacuation Pause)
Event: 0.806 Executing VM operation: G1CollectForAllocation (G1 Evacuation Pause) done
Event: 0.978 Executing VM operation: HandshakeAllThreads (Deoptimize)
Event: 0.978 Executing VM operation: HandshakeAllThreads (Deoptimize) done
Event: 1.127 Executing VM operation: ICBufferFull
Event: 1.128 Executing VM operation: ICBufferFull done
Event: 1.159 Executing VM operation: HandshakeAllThreads (Deoptimize)
Event: 1.159 Executing VM operation: HandshakeAllThreads (Deoptimize) done
Event: 1.161 Executing VM operation: HandshakeAllThreads (Deoptimize)
Event: 1.161 Executing VM operation: HandshakeAllThreads (Deoptimize) done
Event: 1.161 Executing VM operation: HandshakeAllThreads (Deoptimize)
Event: 1.161 Executing VM operation: HandshakeAllThreads (Deoptimize) done
Event: 1.407 Executing VM operation: G1CollectForAllocation (G1 Evacuation Pause)
Event: 1.412 Executing VM operation: G1CollectForAllocation (G1 Evacuation Pause) done
Event: 1.412 Executing VM operation: HandshakeAllThreads (Deoptimize)
Event: 1.412 Executing VM operation: HandshakeAllThreads (Deoptimize) done

Events (15 events):
Event: 0.032 Thread 0x000001d94cdfc350 Thread added: 0x000001d94cdfc350
Event: 0.043 Thread 0x000001d969aca230 Thread added: 0x000001d969aca230
Event: 0.043 Thread 0x000001d969acb150 Thread added: 0x000001d969acb150
Event: 0.044 Thread 0x000001d969accdc0 Thread added: 0x000001d969accdc0
Event: 0.044 Thread 0x000001d969acf830 Thread added: 0x000001d969acf830
Event: 0.044 Thread 0x000001d969ad0290 Thread added: 0x000001d969ad0290
Event: 0.044 Thread 0x000001d969ad0cf0 Thread added: 0x000001d969ad0cf0
Event: 0.044 Thread 0x000001d969ad1a80 Thread added: 0x000001d969ad1a80
Event: 0.044 Thread 0x000001d969ad4530 Thread added: 0x000001d969ad4530
Event: 0.080 Thread 0x000001d969a8fd10 Thread added: 0x000001d969a8fd10
Event: 0.093 Thread 0x000001d96e116710 Thread added: 0x000001d96e116710
Event: 0.131 Thread 0x000001d96e1be0a0 Thread added: 0x000001d96e1be0a0
Event: 0.199 Thread 0x000001d96e54af50 Thread added: 0x000001d96e54af50
Event: 0.199 Thread 0x000001d96e54b5c0 Thread added: 0x000001d96e54b5c0
Event: 1.167 Thread 0x000001d96f1b2820 Thread added: 0x000001d96f1b2820


Dynamic libraries:
0x00007ff739ff0000 - 0x00007ff739ffe000 	C:\Users\user\.jdks\openjdk-21\bin\java.exe
0x00007ff80f950000 - 0x00007ff80fb48000 	C:\Windows\SYSTEM32\ntdll.dll
0x00007ff80e8b0000 - 0x00007ff80e972000 	C:\Windows\System32\KERNEL32.DLL
0x00007ff80d200000 - 0x00007ff80d4f6000 	C:\Windows\System32\KERNELBASE.dll
0x00007ff80d070000 - 0x00007ff80d170000 	C:\Windows\System32\ucrtbase.dll
0x00007ff808190000 - 0x00007ff8081a8000 	C:\Users\user\.jdks\openjdk-21\bin\jli.dll
0x00007ff808170000 - 0x00007ff80818b000 	C:\Users\user\.jdks\openjdk-21\bin\VCRUNTIME140.dll
0x00007ff80f430000 - 0x00007ff80f5cd000 	C:\Windows\System32\USER32.dll
0x00007ff80d950000 - 0x00007ff80d972000 	C:\Windows\System32\win32u.dll
0x00007ffff90c0000 - 0x00007ffff935b000 	C:\Windows\WinSxS\amd64_microsoft.windows.common-controls_6595b64144ccf1df_6.0.19041.6280_none_60bc30a171f2f3f3\COMCTL32.dll
0x00007ff80f5d0000 - 0x00007ff80f5fb000 	C:\Windows\System32\GDI32.dll
0x00007ff80d5b0000 - 0x00007ff80d6c9000 	C:\Windows\System32\gdi32full.dll
0x00007ff80f810000 - 0x00007ff80f8ae000 	C:\Windows\System32\msvcrt.dll
0x00007ff80d8b0000 - 0x00007ff80d94d000 	C:\Windows\System32\msvcp_win.dll
0x00007ff80def0000 - 0x00007ff80df1f000 	C:\Windows\System32\IMM32.DLL
0x00007ff808160000 - 0x00007ff80816c000 	C:\Users\user\.jdks\openjdk-21\bin\vcruntime140_1.dll
0x00007ff804d40000 - 0x00007ff804dce000 	C:\Users\user\.jdks\openjdk-21\bin\msvcp140.dll
0x00007fffdb760000 - 0x00007fffdc473000 	C:\Users\user\.jdks\openjdk-21\bin\server\jvm.dll
0x00007ff80f750000 - 0x00007ff80f801000 	C:\Windows\System32\ADVAPI32.dll
0x00007ff80ea50000 - 0x00007ff80eaef000 	C:\Windows\System32\sechost.dll
0x00007ff80ece0000 - 0x00007ff80ee00000 	C:\Windows\System32\RPCRT4.dll
0x00007ff80d880000 - 0x00007ff80d8a7000 	C:\Windows\System32\bcrypt.dll
0x00007ff80e0d0000 - 0x00007ff80e13b000 	C:\Windows\System32\WS2_32.dll
0x00007ff804a80000 - 0x00007ff804aa7000 	C:\Windows\SYSTEM32\WINMM.dll
0x00007ff80ce50000 - 0x00007ff80ce9b000 	C:\Windows\SYSTEM32\POWRPROF.dll
0x00007ffff94b0000 - 0x00007ffff94ba000 	C:\Windows\SYSTEM32\VERSION.dll
0x00007ff80ce30000 - 0x00007ff80ce42000 	C:\Windows\SYSTEM32\UMPDC.dll
0x00007ff80b7d0000 - 0x00007ff80b7e2000 	C:\Windows\SYSTEM32\kernel.appcore.dll
0x00007ff808150000 - 0x00007ff80815a000 	C:\Users\user\.jdks\openjdk-21\bin\jimage.dll
0x00007ff80ab20000 - 0x00007ff80ad21000 	C:\Windows\SYSTEM32\DBGHELP.DLL
0x00007fffebc70000 - 0x00007fffebca4000 	C:\Windows\SYSTEM32\dbgcore.DLL
0x00007ff80d170000 - 0x00007ff80d1f2000 	C:\Windows\System32\bcryptPrimitives.dll
0x00007ff808110000 - 0x00007ff80811f000 	C:\Users\user\.jdks\openjdk-21\bin\instrument.dll
0x00007ff807c20000 - 0x00007ff807c3f000 	C:\Users\user\.jdks\openjdk-21\bin\java.dll
0x00007ff80e140000 - 0x00007ff80e8b0000 	C:\Windows\System32\SHELL32.dll
0x00007ff80b010000 - 0x00007ff80b7b5000 	C:\Windows\SYSTEM32\windows.storage.dll
0x00007ff80db90000 - 0x00007ff80dee3000 	C:\Windows\System32\combase.dll
0x00007ff80c870000 - 0x00007ff80c89b000 	C:\Windows\SYSTEM32\Wldp.dll
0x00007ff80f360000 - 0x00007ff80f42d000 	C:\Windows\System32\OLEAUT32.dll
0x00007ff80e9a0000 - 0x00007ff80ea4d000 	C:\Windows\System32\SHCORE.dll
0x00007ff80eb60000 - 0x00007ff80ebbb000 	C:\Windows\System32\shlwapi.dll
0x00007ff80cf20000 - 0x00007ff80cf44000 	C:\Windows\SYSTEM32\profapi.dll
0x00007ff8005a0000 - 0x00007ff800677000 	C:\Users\user\.jdks\openjdk-21\bin\jsvml.dll
0x00007ff804d20000 - 0x00007ff804d38000 	C:\Users\user\.jdks\openjdk-21\bin\zip.dll
0x00007ff807c10000 - 0x00007ff807c20000 	C:\Users\user\.jdks\openjdk-21\bin\net.dll
0x00007ff809c70000 - 0x00007ff809d7a000 	C:\Windows\SYSTEM32\WINHTTP.dll
0x00007ff80c650000 - 0x00007ff80c6ba000 	C:\Windows\system32\mswsock.dll
0x00007ff806f20000 - 0x00007ff806f36000 	C:\Users\user\.jdks\openjdk-21\bin\nio.dll
0x00007ff807c00000 - 0x00007ff807c07000 	C:\Users\user\.jdks\openjdk-21\bin\extnet.dll

dbghelp: loaded successfully - version: 4.0.5 - missing functions: none
symbol engine: initialized successfully - sym options: 0x614 - pdb path: .;C:\Users\user\.jdks\openjdk-21\bin;C:\Windows\SYSTEM32;C:\Windows\WinSxS\amd64_microsoft.windows.common-controls_6595b64144ccf1df_6.0.19041.6280_none_60bc30a171f2f3f3;C:\Users\user\.jdks\openjdk-21\bin\server

VM Arguments:
jvm_args: -javaagent:C:\Program Files\JetBrains\IntelliJ IDEA Community Edition 2025.1.1.1\lib\idea_rt.jar=58012 -Dfile.encoding=UTF-8 -Dsun.stdout.encoding=UTF-8 -Dsun.stderr.encoding=UTF-8 
java_command: com.example.org.GymSpringBootApplication
java_class_path (initial): D:\programebi\epam\Gym-Spring-Boot\target\classes;C:\Users\user\.m2\repository\org\springframework\boot\spring-boot-starter-hateoas\3.5.5\spring-boot-starter-hateoas-3.5.5.jar;C:\Users\user\.m2\repository\org\springframework\hateoas\spring-hateoas\2.5.1\spring-hateoas-2.5.1.jar;C:\Users\user\.m2\repository\org\springframework\spring-beans\6.2.10\spring-beans-6.2.10.jar;C:\Users\user\.m2\repository\org\springframework\spring-context\6.2.10\spring-context-6.2.10.jar;C:\Users\user\.m2\repository\org\springframework\plugin\spring-plugin-core\3.0.0\spring-plugin-core-3.0.0.jar;C:\Users\user\.m2\repository\org\slf4j\slf4j-api\2.0.17\slf4j-api-2.0.17.jar;C:\Users\user\.m2\repository\org\springframework\boot\spring-boot-starter-web\3.5.5\spring-boot-starter-web-3.5.5.jar;C:\Users\user\.m2\repository\org\springframework\boot\spring-boot-starter\3.5.5\spring-boot-starter-3.5.5.jar;C:\Users\user\.m2\repository\org\springframework\boot\spring-boot\3.5.5\spring-boot-3.5.5.jar;C:\Users\user\.m2\repository\org\springframework\boot\spring-boot-autoconfigure\3.5.5\spring-boot-autoconfigure-3.5.5.jar;C:\Users\user\.m2\repository\org\springframework\boot\spring-boot-starter-logging\3.5.5\spring-boot-starter-logging-3.5.5.jar;C:\Users\user\.m2\repository\ch\qos\logback\logback-classic\1.5.18\logback-classic-1.5.18.jar;C:\Users\user\.m2\repository\ch\qos\logback\logback-core\1.5.18\logback-core-1.5.18.jar;C:\Users\user\.m2\repository\org\apache\logging\log4j\log4j-to-slf4j\2.24.3\log4j-to-slf4j-2.24.3.jar;C:\Users\user\.m2\repository\org\apache\logging\log4j\log4j-api\2.24.3\log4j-api-2.24.3.jar;C:\Users\user\.m2\repository\org\slf4j\jul-to-slf4j\2.0.17\jul-to-slf4j-2.0.17.jar;C:\Users\user\.m2\repository\jakarta\annotation\jakarta.annotation-api\2.1.1\jakarta.annotation-api-2.1.1.jar;C:\Users\user\.m2\repository\org\yaml\snakeyaml\2.4\snakeyaml-2.4.jar;C:\Users\user\.m2\repository\org\springframework\boot\spring-boot-starter-json\3.5.5\spring-boot-starter-json-3.5.5.jar;C:\Users\user\.m2\repository\com\fasterxml\jackson\core\jackson-databind\2.19.2\jackson-databind-2.19.2.jar;C:\Users\user\.m2\repository\com\fasterxml\jackson\core\jackson-annotations\2.19.2\jackson-annotations-2.19.2.jar;C:\Users\user\.m2\repository\com\fasterxml\jackson\core\jackson-core\2.19.2\jackson-core-2.19.2.jar;C:\Users\user\.m2\repository\com\fasterxml\jackson\datatype\jackson-datatype-jdk8\2.19.2\jackson-datatype-jdk8-2.19.2.jar;C:\Users\user\.m2\repository\com\fasterxml\jackson\datatype\jackson-datatype-jsr310\2.19.2\jackson-datatype-jsr310-2.19.2.jar;C:\Users\user\.m2\repository\com\fasterxml\jackson\module\jackson-module-parameter-names\2.19.2\jackson-module-parameter-names-2.19.2.jar;C:\Users\user\.m2\repository\org\springframework\boot\spring-boot-starter-tomcat\3.5.5\spring-boot-starter-tomcat-3.5.5.jar;C:\Users\user\.m2\repository\org\apache\tomcat\embed\tomcat-embed-core\10.1.44\tomcat-embed-core-10.1.44.jar;C:\Users\user\.m2\repository\org\apache\tomcat\embed\tomcat-embed-websocket\10.1.44\tomcat-embed-websocket-10.1.44.jar;C:\Users\user\.m2\repository\org\springframework\spring-web\6.2.10\spring-web-6.2.10.jar;C:\Users\user\.m2\repository\org\springframework\spring-webmvc\6.2.10\spring-webmvc-6.2.10.jar;C:\Users\user\.m2\repository\org\springframework\spring-expression\6.2.10\spring-expression-6.2.10.jar;C:\Users\user\.m2\repository\com\jayway\jsonpath\json-path\2.9.0\json-path-2.9.0.jar;C:\Users\user\.m2\repository\jakarta\xml\bind\jakarta.xml.bind-api\4.0.2\jakarta.xml.bind-api-4.0.2.jar;C:\Users\user\.m2\repository\jakarta\activation\jakarta.activation-api\2.1.3\jakarta.activation-api-2.1.3.jar;C:\Users\user\.m2\repository\net\minidev\json-smart\2.5.2\json-smart-2.5.2.jar;C:\Users\user\.m2\repository\net\minidev\accessors-smart\2.5.2\accessors-smart-2.5.2.jar;C:\Users\user\.m2\repository\org\ow2\asm\asm\9.7.1\asm-9.7.1.jar;C:\Users\user\.m2\repository\net\bytebuddy\byte-buddy\1.17.7\byte-buddy-1.17.7.jar;C:\Users\user\.m2\repository\org\springframework\spring-core\6.2.10\spring-core-6.2.10.jar;C:\Users\user\.m2\repository\org\springframework\spring-jcl\6.2.10\spring-jcl-6.2.10.jar;C:\Users\user\.m2\repository\org\springframework\boot\spring-boot-starter-data-jpa\3.5.5\spring-boot-starter-data-jpa-3.5.5.jar;C:\Users\user\.m2\repository\org\springframework\boot\spring-boot-starter-jdbc\3.5.5\spring-boot-starter-jdbc-3.5.5.jar;C:\Users\user\.m2\repository\com\zaxxer\HikariCP\6.3.2\HikariCP-6.3.2.jar;C:\Users\user\.m2\repository\org\springframework\spring-jdbc\6.2.10\spring-jdbc-6.2.10.jar;C:\Users\user\.m2\repository\org\hibernate\orm\hibernate-core\6.6.26.Final\hibernate-core-6.6.26.Final.jar;C:\Users\user\.m2\repository\jakarta\persistence\jakarta.persistence-api\3.1.0\jakarta.persistence-api-3.1.0.jar;C:\Users\user\.m2\repository\jakarta\transaction\jakarta.transaction-api\2.0.1\jakarta.transaction-api-2.0.1.jar;C:\Users\user\.m2\repository\org\jboss\logging\jboss-logging\3.6.1.Final\jboss-logging-3.6.1.Final.jar;C:\Users\user\.m2\repository\org\hibernate\common\hibernate-commons-annotations\7.0.3.Final\hibernate-commons-annotations-7.0.3.Final.jar;C:\Users\user\.m2\repository\io\smallrye\jandex\3.2.0\jandex-3.2.0.jar;C:\Users\user\.m2\repository\com\fasterxml\classmate\1.7.0\classmate-1.7.0.jar;C:\Users\user\.m2\repository\org\glassfish\jaxb\jaxb-runtime\4.0.5\jaxb-runtime-4.0.5.jar;C:\Users\user\.m2\repository\org\glassfish\jaxb\jaxb-core\4.0.5\jaxb-core-4.0.5.jar;C:\Users\user\.m2\repository\org\eclipse\angus\angus-activation\2.0.2\angus-activation-2.0.2.jar;C:\Users\user\.m2\repository\org\glassfish\jaxb\txw2\4.0.5\txw2-4.0.5.jar;C:\Users\user\.m2\repository\com\sun\istack\istack-commons-runtime\4.1.2\istack-commons-runtime-4.1.2.jar;C:\Users\user\.m2\repository\jakarta\inject\jakarta.inject-api\2.0.1\jakarta.inject-api-2.0.1.jar;C:\Users\user\.m2\repository\org\antlr\antlr4-runtime\4.13.0\antlr4-runtime-4.13.0.jar;C:\Users\user\.m2\repository\org\springframework\data\spring-data-jpa\3.5.3\spring-data-jpa-3.5.3.jar;C:\Users\user\.m2\repository\org\springframework\data\spring-data-commons\3.5.3\spring-data-commons-3.5.3.jar;C:\Users\user\.m2\repository\org\springframework\spring-orm\6.2.10\spring-orm-6.2.10.jar;C:\Users\user\.m2\repository\org\springframework\spring-tx\6.2.10\spring-tx-6.2.10.jar;C:\Users\user\.m2\repository\org\springframework\spring-aspects\6.2.10\spring-aspects-6.2.10.jar;C:\Users\user\.m2\repository\org\aspectj\aspectjweaver\1.9.24\aspectjweaver-1.9.24.jar;C:\Users\user\.m2\repository\org\springdoc\springdoc-openapi-starter-webmvc-ui\2.8.11\springdoc-openapi-starter-webmvc-ui-2.8.11.jar;C:\Users\user\.m2\repository\org\springdoc\springdoc-openapi-starter-webmvc-api\2.8.11\springdoc-openapi-starter-webmvc-api-2.8.11.jar;C:\Users\user\.m2\repository\org\springdoc\springdoc-openapi-starter-common\2.8.11\springdoc-openapi-starter-common-2.8.11.jar;C:\Users\user\.m2\repository\io\swagger\core\v3\swagger-core-jakarta\2.2.36\swagger-core-jakarta-2.2.36.jar;C:\Users\user\.m2\repository\org\apache\commons\commons-lang3\3.17.0\commons-lang3-3.17.0.jar;C:\Users\user\.m2\repository\io\swagger\core\v3\swagger-annotations-jakarta\2.2.36\swagger-annotations-jakarta-2.2.36.jar;C:\Users\user\.m2\repository\io\swagger\core\v3\swagger-models-jakarta\2.2.36\swagger-models-jakarta-2.2.36.jar;C:\Users\user\.m2\repository\com\fasterxml\jackson\dataformat\jackson-dataformat-yaml\2.19.2\jackson-dataformat-yaml-2.19.2.jar;C:\Users\user\.m2\repository\org\webjars\swagger-ui\5.27.1\swagger-ui-5.27.1.jar;C:\Users\user\.m2\repository\org\webjars\webjars-locator-lite\1.1.0\webjars-locator-lite-1.1.0.jar;C:\Users\user\.m2\repository\org\jspecify\jspecify\1.0.0\jspecify-1.0.0.jar;C:\Users\user\.m2\repository\org\springframework\boot\spring-boot-starter-oauth2-resource-server\3.5.5\spring-boot-starter-oauth2-resource-server-3.5.5.jar;C:\Users\user\.m2\repository\org\springframework\security\spring-security-config\6.5.3\spring-security-config-6.5.3.jar;C:\Users\user\.m2\repository\org\springframework\security\spring-security-core\6.5.3\spring-security-core-6.5.3.jar;C:\Users\user\.m2\repository\org\springframework\security\spring-security-crypto\6.5.3\spring-security-crypto-6.5.3.jar;C:\Users\user\.m2\repository\org\springframework\security\spring-security-oauth2-resource-server\6.5.3\spring-security-oauth2-resource-server-6.5.3.jar;C:\Users\user\.m2\repository\org\springframework\security\spring-security-oauth2-core\6.5.3\spring-security-oauth2-core-6.5.3.jar;C:\Users\user\.m2\repository\org\springframework\security\spring-security-oauth2-jose\6.5.3\spring-security-oauth2-jose-6.5.3.jar;C:\Users\user\.m2\repository\com\nimbusds\nimbus-jose-jwt\9.37.3\nimbus-jose-jwt-9.37.3.jar;C:\Users\user\.m2\repository\com\github\stephenc\jcip\jcip-annotations\1.0-1\jcip-annotations-1.0-1.jar;C:\Users\user\.m2\repository\io\micrometer\micrometer-core\1.15.3\micrometer-core-1.15.3.jar;C:\Users\user\.m2\repository\io\micrometer\micrometer-commons\1.15.3\micrometer-commons-1.15.3.jar;C:\Users\user\.m2\repository\io\micrometer\micrometer-observation\1.15.3\micrometer-observation-1.15.3.jar;C:\Users\user\.m2\repository\org\hdrhistogram\HdrHistogram\2.2.2\HdrHistogram-2.2.2.jar;C:\Users\user\.m2\repository\org\latencyutils\LatencyUtils\2.0.3\LatencyUtils-2.0.3.jar;C:\Users\user\.m2\repository\io\micrometer\micrometer-registry-prometheus\1.15.3\micrometer-registry-prometheus-1.15.3.jar;C:\Users\user\.m2\repository\io\prometheus\prometheus-metrics-core\1.3.10\prometheus-metrics-core-1.3.10.jar;C:\Users\user\.m2\repository\io\prometheus\prometheus-metrics-model\1.3.10\prometheus-metrics-model-1.3.10.jar;C:\Users\user\.m2\repository\io\prometheus\prometheus-metrics-config\1.3.10\prometheus-metrics-config-1.3.10.jar;C:\Users\user\.m2\repository\io\prometheus\prometheus-metrics-tracer-common\1.3.10\prometheus-metrics-tracer-common-1.3.10.jar;C:\Users\user\.m2\repository\io\prometheus\prometheus-metrics-exposition-formats\1.3.10\prometheus-metrics-exposition-formats-1.3.10.jar;C:\Users\user\.m2\repository\io\prometheus\prometheus-metrics-exposition-textformats\1.3.10\prometheus-metrics-exposition-textformats-1.3.10.jar;C:\Users\user\.m2\repository\org\springframework\boot\spring-boot-starter-actuator\3.5.5\spring-boot-starter-actuator-3.5.5.jar;C:\Users\user\.m2\repository\org\springframework\boot\spring-boot-actuator-autoconfigure\3.5.5\spring-boot-actuator-autoconfigure-3.5.5.jar;C:\Users\user\.m2\repository\org\springframework\boot\spring-boot-actuator\3.5.5\spring-boot-actuator-3.5.5.jar;C:\Users\user\.m2\repository\io\micrometer\micrometer-jakarta9\1.15.3\micrometer-jakarta9-1.15.3.jar;C:\Users\user\.m2\repository\org\springframework\boot\spring-boot-starter-security\3.5.5\spring-boot-starter-security-3.5.5.jar;C:\Users\user\.m2\repository\org\springframework\spring-aop\6.2.10\spring-aop-6.2.10.jar;C:\Users\user\.m2\repository\org\springframework\security\spring-security-web\6.5.3\spring-security-web-6.5.3.jar;C:\Users\user\.m2\repository\org\postgresql\postgresql\42.7.7\postgresql-42.7.7.jar;C:\Users\user\.m2\repository\org\checkerframework\checker-qual\3.49.3\checker-qual-3.49.3.jar;C:\Users\user\.m2\repository\org\springframework\boot\spring-boot-starter-validation\3.5.5\spring-boot-starter-validation-3.5.5.jar;C:\Users\user\.m2\repository\org\apache\tomcat\embed\tomcat-embed-el\10.1.44\tomcat-embed-el-10.1.44.jar;C:\Users\user\.m2\repository\org\hibernate\validator\hibernate-validator\8.0.3.Final\hibernate-validator-8.0.3.Final.jar;C:\Users\user\.m2\repository\jakarta\validation\jakarta.validation-api\3.0.2\jakarta.validation-api-3.0.2.jar;C:\Users\user\.m2\repository\com\h2database\h2\2.3.232\h2-2.3.232.jar
Launcher Type: SUN_STANDARD

[Global flags]
     intx CICompilerCount                          = 4                                         {product} {ergonomic}
     uint ConcGCThreads                            = 3                                         {product} {ergonomic}
     uint G1ConcRefinementThreads                  = 10                                        {product} {ergonomic}
   size_t G1HeapRegionSize                         = 1048576                                   {product} {ergonomic}
    uintx GCDrainStackTargetSize                   = 64                                        {product} {ergonomic}
   size_t InitialHeapSize                          = 132120576                                 {product} {ergonomic}
   size_t MarkStackSize                            = 4194304                                   {product} {ergonomic}
   size_t MaxHeapSize                              = 2082471936                                {product} {ergonomic}
   size_t MaxNewSize                               = 1248854016                                {product} {ergonomic}
   size_t MinHeapDeltaBytes                        = 1048576                                   {product} {ergonomic}
   size_t MinHeapSize                              = 8388608                                   {product} {ergonomic}
    uintx NonNMethodCodeHeapSize                   = 5839372                                {pd product} {ergonomic}
    uintx NonProfiledCodeHeapSize                  = 122909434                              {pd product} {ergonomic}
    uintx ProfiledCodeHeapSize                     = 122909434                              {pd product} {ergonomic}
    uintx ReservedCodeCacheSize                    = 251658240                              {pd product} {ergonomic}
     bool SegmentedCodeCache                       = true                                      {product} {ergonomic}
   size_t SoftMaxHeapSize                          = 2082471936                             {manageable} {ergonomic}
     bool UseCompressedOops                        = true                           {product lp64_product} {ergonomic}
     bool UseG1GC                                  = true                                      {product} {ergonomic}
     bool UseLargePagesIndividualAllocation        = false                                  {pd product} {ergonomic}

Logging:
Log output configuration:
 #0: stdout all=warning uptime,level,tags foldmultilines=false
 #1: stderr all=off uptime,level,tags foldmultilines=false

Environment Variables:
PATH=C:\Program Files (x86)\Common Files\Oracle\Java\java8path;C:\Program Files (x86)\Common Files\Oracle\Java\javapath;C:\Windows\system32;C:\Windows;C:\Windows\System32\Wbem;C:\Windows\System32\WindowsPowerShell\v1.0\;C:\Windows\System32\OpenSSH\;C:\MinGW\bin;C:\Program Files\dotnet\;C:\Program Files\Git\cmd;C:\sqlite3;;C:\Program Files\Docker\Docker\resources\bin;C:\Program Files\nodejs\;C:\Users\user\.cargo\bin;C:\Users\user\AppData\Local\Programs\DISKUV~1\bin;C:\Users\user\AppData\Local\Programs\DISKUV~1\usr\bin;C:\Users\user\AppData\Local\Programs\Python\Python312\Scripts\;C:\Users\user\AppData\Local\Programs\Python\Python312\;C:\Users\user\AppData\Local\Microsoft\WindowsApps;C:\Program Files\JetBrains\PyCharm 2023.2.3\bin;C:\Users\user\.dotnet\tools;C:\Users\user\AppData\Local\Programs\Microsoft VS Code\bin;C:\Users\user\AppData\Local\Programs\EmEditor;C:\Program Files\JetBrains\PyCharm Community Edition 2024.1\bin;;C:\Program Files\JetBrains\IntelliJ IDEA 2024.3.1.1\bin;;C:\Users\user\AppData\Roaming\npm;C:\Program Files\JetBrains\IntelliJ IDEA Community Edition 2025.1.1.1\bin;
USERNAME=user
OS=Windows_NT
PROCESSOR_IDENTIFIER=Intel64 Family 6 Model 154 Stepping 4, GenuineIntel
TMP=C:\Users\user\AppData\Local\Temp
TEMP=C:\Users\user\AppData\Local\Temp




---------------  S Y S T E M  ---------------

OS:
 Windows 10 , 64 bit Build 19041 (10.0.19041.5915)
OS uptime: 0 days 2:53 hours
Hyper-V role detected

CPU: total 12 (initial active 12) (6 cores per cpu, 2 threads per core) family 6 model 154 stepping 4 microcode 0x421, cx8, cmov, fxsr, ht, mmx, 3dnowpref, sse, sse2, sse3, ssse3, sse4.1, sse4.2, popcnt, lzcnt, tsc, tscinvbit, avx, avx2, aes, erms, clmul, bmi1, bmi2, adx, sha, fma, vzeroupper, clflush, clflushopt, clwb, hv, rdtscp, rdpid, fsrm, f16c, cet_ibt, cet_ss
Processor Information for processor 0
  Max Mhz: 1300, Current Mhz: 1300, Mhz Limit: 897
Processor Information for processor 1
  Max Mhz: 1300, Current Mhz: 1300, Mhz Limit: 897
Processor Information for processor 2
  Max Mhz: 1300, Current Mhz: 1300, Mhz Limit: 1300
Processor Information for processor 3
  Max Mhz: 1300, Current Mhz: 1300, Mhz Limit: 1300
Processor Information for processor 4
  Max Mhz: 1300, Current Mhz: 900, Mhz Limit: 897
Processor Information for processor 5
  Max Mhz: 1300, Current Mhz: 900, Mhz Limit: 897
Processor Information for processor 6
  Max Mhz: 1300, Current Mhz: 900, Mhz Limit: 897
Processor Information for processor 7
  Max Mhz: 1300, Current Mhz: 900, Mhz Limit: 897
Processor Information for processor 8
  Max Mhz: 1300, Current Mhz: 900, Mhz Limit: 897
Processor Information for processor 9
  Max Mhz: 1300, Current Mhz: 900, Mhz Limit: 897
Processor Information for processor 10
  Max Mhz: 1300, Current Mhz: 900, Mhz Limit: 897
Processor Information for processor 11
  Max Mhz: 1300, Current Mhz: 900, Mhz Limit: 897

Memory: 4k page, system-wide physical 7936M (506M free)
TotalPageFile size 10120M (AvailPageFile size 1M)
current process WorkingSet (physical memory assigned to process): 116M, peak: 116M
current process commit charge ("private bytes"): 248M, peak: 249M

vm_info: OpenJDK 64-Bit Server VM (21+35-2513) for windows-amd64 JRE (21+35-2513), built on 2023-08-09T20:25:10Z by "mach5one" with MS VC++ 17.1 (VS2022)

END.
